<?xml version="1.0" encoding="UTF-8"?>

<beans xmlns="http://www.springframework.org/schema/beans"  
xmlns:xsi="http://www.w3.org/2001/XMLSchema-instance"
xsi:schemaLocation="http://www.springframework.org/schema/beans  
http://www.springframework.org/schema/beans/spring-beans.xsd">

	<bean id="test" class="com.spring.basic.SpringTest" />
	
	<!-- Hotel 객체와 의존객체들의 빈 등록 및 의존성 주입 설정 -->
	
	<bean id="chef123" class="com.spring.basic.ex01.Chef" />
	
	<!-- property name="set을 제외한 setter 메서드의 이름" 
		setter메서드의 이름은 set + 멤버변수이름 이 관례이기 때문에
		변수명이라고 편하게 얘기한 겁니다. 사실은 setter 메서드의 이름입니다.
	-->
	<bean id="res" class="com.spring.basic.ex01.Restaurant">
		<!-- <constructor-arg ref="chef" /> -->
		<property name="chef" ref="chef123" />
	</bean>
	
	<bean id="hotel" class="com.spring.basic.ex01.Hotel">
		<constructor-arg ref="res" />
	</bean>

</beans>




















