<?xml version="1.0" encoding="UTF-8"?>

<beans xmlns="http://www.springframework.org/schema/beans"  
xmlns:xsi="http://www.w3.org/2001/XMLSchema-instance"
xsi:schemaLocation="http://www.springframework.org/schema/beans  
http://www.springframework.org/schema/beans/spring-beans.xsd">
	
	<bean id="test" class="com.spring.basic.SpringTest"/>
	
	<!-- Hotel 객체와 의존객체들의 빈 등록 및 의존성 주입 설정 -->
	
	<bean id="chef" class="com.spring.basic.ex01.Chef"/>
	
	<bean id="restaurant" class="com.spring.basic.ex01.Restaurant">
		<!-- <constructor-arg ref="chef"/> -->	<!-- 생성자 변수로 Chef 객체 전달 -->
		<property name="chef" ref="chef"/>	<!-- setter에 Chef 객체를 전달 -->
		<!-- name : setter 이름(set + 변수명), ref : bean id -->
	</bean>
	
	<bean id="hotel" class="com.spring.basic.ex01.Hotel">
		<constructor-arg ref="restaurant"/>	<!-- 생성자의 인자로 restaurant 전달 -->
	</bean>
</beans>